# JRE version: OpenJDK Runtime Environment (17.0.2+8) (build 17.0.2+8-86)
# Java VM: OpenJDK 64-Bit Server VM (17.0.2+8-86, mixed mode, sharing, tiered, compressed oops, compressed class ptrs, g1 gc, windows-amd64)
GC Precious Log:
 CPUs: 12 total, 12 available
 Memory: 32614M
 Large Page Support: Disabled
 NUMA Support: Disabled
 Compressed Oops: Enabled (32-bit)
 Heap Region Size: 1M
 Heap Min Capacity: 512M
 Heap Initial Capacity: 512M
 Heap Max Capacity: 1G
 Pre-touch: Disabled
 Parallel Workers: 10
 Concurrent Workers: 3
 Concurrent Refinement Workers: 10
 Periodic GC: Disabled
Heap:
 garbage-first heap   total 524288K, used 158732K [0x00000000c0000000, 0x0000000100000000)
  region size 1024K, 124 young (126976K), 16 survivors (16384K)
 Metaspace       used 45708K, committed 46144K, reserved 1089536K
  class space    used 6149K, committed 6336K, reserved 1048576K
GC Heap History (10 events):
Event: 2.847 GC heap before
{Heap before GC invocations=0 (full 0):
 garbage-first heap   total 524288K, used 131072K [0x00000000c0000000, 0x0000000100000000)
  region size 1024K, 128 young (131072K), 0 survivors (0K)
 Metaspace       used 15949K, committed 16192K, reserved 1064960K
  class space    used 1872K, committed 1984K, reserved 1048576K
}
Event: 2.857 GC heap after
{Heap after GC invocations=1 (full 0):
 garbage-first heap   total 524288K, used 10904K [0x00000000c0000000, 0x0000000100000000)
  region size 1024K, 11 young (11264K), 11 survivors (11264K)
 Metaspace       used 15949K, committed 16192K, reserved 1064960K
  class space    used 1872K, committed 1984K, reserved 1048576K
}
Event: 3.780 GC heap before
{Heap before GC invocations=1 (full 0):
 garbage-first heap   total 524288K, used 117400K [0x00000000c0000000, 0x0000000100000000)
  region size 1024K, 117 young (119808K), 11 survivors (11264K)
 Metaspace       used 21287K, committed 21504K, reserved 1073152K
  class space    used 2644K, committed 2752K, reserved 1048576K
}
Event: 3.788 GC heap after
{Heap after GC invocations=2 (full 0):
 garbage-first heap   total 524288K, used 12207K [0x00000000c0000000, 0x0000000100000000)
  region size 1024K, 2 young (2048K), 2 survivors (2048K)
 Metaspace       used 21287K, committed 21504K, reserved 1073152K
  class space    used 2644K, committed 2752K, reserved 1048576K
}
Event: 5.765 GC heap before
{Heap before GC invocations=3 (full 0):
 garbage-first heap   total 524288K, used 141231K [0x00000000c0000000, 0x0000000100000000)
  region size 1024K, 128 young (131072K), 2 survivors (2048K)
 Metaspace       used 30332K, committed 30528K, reserved 1081344K
  class space    used 4204K, committed 4288K, reserved 1048576K
}
Event: 5.771 GC heap after
{Heap after GC invocations=4 (full 0):
 garbage-first heap   total 524288K, used 18700K [0x00000000c0000000, 0x0000000100000000)
  region size 1024K, 8 young (8192K), 8 survivors (8192K)
 Metaspace       used 30332K, committed 30528K, reserved 1081344K
  class space    used 4204K, committed 4288K, reserved 1048576K
}
Event: 6.893 GC heap before
{Heap before GC invocations=4 (full 0):
 garbage-first heap   total 524288K, used 72972K [0x00000000c0000000, 0x0000000100000000)
  region size 1024K, 61 young (62464K), 8 survivors (8192K)
 Metaspace       used 35759K, committed 36096K, reserved 1081344K
  class space    used 5138K, committed 5312K, reserved 1048576K
}
Event: 6.900 GC heap after
{Heap after GC invocations=5 (full 0):
 garbage-first heap   total 524288K, used 24061K [0x00000000c0000000, 0x0000000100000000)
  region size 1024K, 12 young (12288K), 12 survivors (12288K)
 Metaspace       used 35759K, committed 36096K, reserved 1081344K
  class space    used 5138K, committed 5312K, reserved 1048576K
}
Event: 8.937 GC heap before
{Heap before GC invocations=6 (full 0):
 garbage-first heap   total 524288K, used 141821K [0x00000000c0000000, 0x0000000100000000)
  region size 1024K, 128 young (131072K), 12 survivors (12288K)
 Metaspace       used 42074K, committed 42496K, reserved 1089536K
  class space    used 5668K, committed 5888K, reserved 1048576K
}
Event: 8.963 GC heap after
{Heap after GC invocations=7 (full 0):
 garbage-first heap   total 524288K, used 47116K [0x00000000c0000000, 0x0000000100000000)
  region size 1024K, 16 young (16384K), 16 survivors (16384K)
 Metaspace       used 42074K, committed 42496K, reserved 1089536K
  class space    used 5668K, committed 5888K, reserved 1048576K
}

